# JRE version: OpenJDK Runtime Environment (11.0.2+9) (build 11.0.2+9)
# Java VM: OpenJDK 64-Bit Server VM (11.0.2+9, mixed mode, tiered, compressed oops, g1 gc, windows-amd64)
Heap:
 garbage-first heap   total 145408K, used 81989K [0x0000000740000000, 0x0000000800000000)
  region size 1024K, 13 young (13312K), 0 survivors (0K)
 Metaspace       used 80241K, capacity 82123K, committed 82388K, reserved 1120256K
  class space    used 11254K, capacity 12109K, committed 12236K, reserved 1048576K
GC Heap History (10 events):
Event: 258.348 GC heap before
{Heap before GC invocations=23 (full 1):
 garbage-first heap   total 143360K, used 132553K [0x0000000740000000, 0x0000000800000000)
  region size 1024K, 60 young (61440K), 7 survivors (7168K)
 Metaspace       used 79930K, capacity 81818K, committed 82004K, reserved 1120256K
  class space    used 11246K, capacity 12074K, committed 12108K, reserved 1048576K
}
Event: 258.380 GC heap after
{Heap after GC invocations=24 (full 1):
 garbage-first heap   total 145408K, used 79733K [0x0000000740000000, 0x0000000800000000)
  region size 1024K, 2 young (2048K), 2 survivors (2048K)
 Metaspace       used 79930K, capacity 81818K, committed 82004K, reserved 1120256K
  class space    used 11246K, capacity 12074K, committed 12108K, reserved 1048576K
}
Event: 281.293 GC heap before
{Heap before GC invocations=24 (full 1):
 garbage-first heap   total 145408K, used 112501K [0x0000000740000000, 0x0000000800000000)
  region size 1024K, 35 young (35840K), 2 survivors (2048K)
 Metaspace       used 80072K, capacity 81984K, committed 82132K, reserved 1120256K
  class space    used 11252K, capacity 12108K, committed 12236K, reserved 1048576K
}
Event: 281.488 GC heap after
{Heap after GC invocations=25 (full 2):
 garbage-first heap   total 145408K, used 70195K [0x0000000740000000, 0x0000000800000000)
  region size 1024K, 0 young (0K), 0 survivors (0K)
 Metaspace       used 80072K, capacity 81984K, committed 82132K, reserved 1120256K
  class space    used 11252K, capacity 12108K, committed 12236K, reserved 1048576K
}
Event: 311.324 GC heap before
{Heap before GC invocations=25 (full 2):
 garbage-first heap   total 145408K, used 77363K [0x0000000740000000, 0x0000000800000000)
  region size 1024K, 8 young (8192K), 0 survivors (0K)
 Metaspace       used 80099K, capacity 81984K, committed 82132K, reserved 1120256K
  class space    used 11252K, capacity 12108K, committed 12236K, reserved 1048576K
}
Event: 311.499 GC heap after
{Heap after GC invocations=26 (full 3):
 garbage-first heap   total 145408K, used 69598K [0x0000000740000000, 0x0000000800000000)
  region size 1024K, 0 young (0K), 0 survivors (0K)
 Metaspace       used 80099K, capacity 81984K, committed 82132K, reserved 1120256K
  class space    used 11252K, capacity 12108K, committed 12236K, reserved 1048576K
}
Event: 667.837 GC heap before
{Heap before GC invocations=26 (full 3):
 garbage-first heap   total 145408K, used 111582K [0x0000000740000000, 0x0000000800000000)
  region size 1024K, 42 young (43008K), 0 survivors (0K)
 Metaspace       used 80174K, capacity 82059K, committed 82388K, reserved 1120256K
  class space    used 11253K, capacity 12109K, committed 12236K, reserved 1048576K
}
Event: 673.217 GC heap after
{Heap after GC invocations=27 (full 4):
 garbage-first heap   total 145408K, used 69870K [0x0000000740000000, 0x0000000800000000)
  region size 1024K, 0 young (0K), 0 survivors (0K)
 Metaspace       used 80174K, capacity 82059K, committed 82388K, reserved 1120256K
  class space    used 11253K, capacity 12109K, committed 12236K, reserved 1048576K
}
Event: 738.351 GC heap before
{Heap before GC invocations=27 (full 4):
 garbage-first heap   total 145408K, used 105710K [0x0000000740000000, 0x0000000800000000)
  region size 1024K, 36 young (36864K), 0 survivors (0K)
 Metaspace       used 80211K, capacity 82123K, committed 82388K, reserved 1120256K
  class space    used 11253K, capacity 12109K, committed 12236K, reserved 1048576K
}
Event: 738.823 GC heap after
{Heap after GC invocations=28 (full 5):
 garbage-first heap   total 145408K, used 69701K [0x0000000740000000, 0x0000000800000000)
  region size 1024K, 0 young (0K), 0 survivors (0K)
 Metaspace       used 80211K, capacity 82123K, committed 82388K, reserved 1120256K
  class space    used 11253K, capacity 12109K, committed 12236K, reserved 1048576K
}

